<?xml version="1.0" encoding="UTF-8"?>
<testsuite xmlns:xsi="http://www.w3.org/2001/XMLSchema-instance" xsi:noNamespaceSchemaLocation="https://maven.apache.org/surefire/maven-surefire-plugin/xsd/surefire-test-report-3.0.xsd" version="3.0" name="CountryApiTest" time="2.041" tests="1" errors="0" skipped="0" failures="0">
  <properties>
    <property name="java.specification.version" value="17"/>
    <property name="sun.cpu.isalist" value="amd64"/>
    <property name="sun.jnu.encoding" value="Cp1252"/>
    <property name="java.class.path" value="C:\Users\User\eclipse-workspace\CountriesData\target\test-classes;C:\Users\User\eclipse-workspace\CountriesData\target\classes;C:\Users\User\.m2\repository\org\mockito\mockito-core\3.11.2\mockito-core-3.11.2.jar;C:\Users\User\.m2\repository\net\bytebuddy\byte-buddy\1.11.3\byte-buddy-1.11.3.jar;C:\Users\User\.m2\repository\net\bytebuddy\byte-buddy-agent\1.11.3\byte-buddy-agent-1.11.3.jar;C:\Users\User\.m2\repository\org\objenesis\objenesis\3.2\objenesis-3.2.jar;C:\Users\User\.m2\repository\com\fasterxml\jackson\core\jackson-databind\2.13.1\jackson-databind-2.13.1.jar;C:\Users\User\.m2\repository\junit\junit\4.13.1\junit-4.13.1.jar;C:\Users\User\.m2\repository\org\hamcrest\hamcrest-core\1.3\hamcrest-core-1.3.jar;C:\Users\User\.m2\repository\gr\unipi\CountriesUI\0.0.1-SNAPSHOT\CountriesUI-0.0.1-SNAPSHOT.jar;C:\Users\User\.m2\repository\org\openjfx\javafx-controls\13\javafx-controls-13.jar;C:\Users\User\.m2\repository\org\openjfx\javafx-controls\13\javafx-controls-13-win.jar;C:\Users\User\.m2\repository\org\openjfx\javafx-graphics\13\javafx-graphics-13.jar;C:\Users\User\.m2\repository\org\openjfx\javafx-graphics\13\javafx-graphics-13-win.jar;C:\Users\User\.m2\repository\org\openjfx\javafx-base\13\javafx-base-13.jar;C:\Users\User\.m2\repository\org\openjfx\javafx-base\13\javafx-base-13-win.jar;C:\Users\User\.m2\repository\org\apache\httpcomponents\httpclient\4.5.13\httpclient-4.5.13.jar;C:\Users\User\.m2\repository\org\apache\httpcomponents\httpcore\4.4.13\httpcore-4.4.13.jar;C:\Users\User\.m2\repository\commons-logging\commons-logging\1.2\commons-logging-1.2.jar;C:\Users\User\.m2\repository\commons-codec\commons-codec\1.11\commons-codec-1.11.jar;C:\Users\User\.m2\repository\com\fasterxml\jackson\core\jackson-core\2.13.1\jackson-core-2.13.1.jar;C:\Users\User\.m2\repository\com\fasterxml\jackson\core\jackson-annotations\2.13.1\jackson-annotations-2.13.1.jar;"/>
    <property name="java.vm.vendor" value="Eclipse Adoptium"/>
    <property name="sun.arch.data.model" value="64"/>
    <property name="user.variant" value=""/>
    <property name="java.vendor.url" value="https://adoptium.net/"/>
    <property name="user.timezone" value="Europe/Athens"/>
    <property name="user.country.format" value="GR"/>
    <property name="os.name" value="Windows 11"/>
    <property name="java.vm.specification.version" value="17"/>
    <property name="sun.java.launcher" value="SUN_STANDARD"/>
    <property name="user.country" value="US"/>
    <property name="sun.boot.library.path" value="C:\Program Files\Eclipse Adoptium\jdk-17.0.9.9-hotspot\bin"/>
    <property name="sun.java.command" value="C:\Users\User\AppData\Local\Temp\surefire2812761738380374118\surefirebooter-20240206195100559_3.jar C:\Users\User\AppData\Local\Temp\surefire2812761738380374118 2024-02-06T19-51-00_283-jvmRun1 surefire-20240206195100559_1tmp surefire_0-20240206195100559_2tmp"/>
    <property name="jdk.debug" value="release"/>
    <property name="surefire.test.class.path" value="C:\Users\User\eclipse-workspace\CountriesData\target\test-classes;C:\Users\User\eclipse-workspace\CountriesData\target\classes;C:\Users\User\.m2\repository\org\mockito\mockito-core\3.11.2\mockito-core-3.11.2.jar;C:\Users\User\.m2\repository\net\bytebuddy\byte-buddy\1.11.3\byte-buddy-1.11.3.jar;C:\Users\User\.m2\repository\net\bytebuddy\byte-buddy-agent\1.11.3\byte-buddy-agent-1.11.3.jar;C:\Users\User\.m2\repository\org\objenesis\objenesis\3.2\objenesis-3.2.jar;C:\Users\User\.m2\repository\com\fasterxml\jackson\core\jackson-databind\2.13.1\jackson-databind-2.13.1.jar;C:\Users\User\.m2\repository\junit\junit\4.13.1\junit-4.13.1.jar;C:\Users\User\.m2\repository\org\hamcrest\hamcrest-core\1.3\hamcrest-core-1.3.jar;C:\Users\User\.m2\repository\gr\unipi\CountriesUI\0.0.1-SNAPSHOT\CountriesUI-0.0.1-SNAPSHOT.jar;C:\Users\User\.m2\repository\org\openjfx\javafx-controls\13\javafx-controls-13.jar;C:\Users\User\.m2\repository\org\openjfx\javafx-controls\13\javafx-controls-13-win.jar;C:\Users\User\.m2\repository\org\openjfx\javafx-graphics\13\javafx-graphics-13.jar;C:\Users\User\.m2\repository\org\openjfx\javafx-graphics\13\javafx-graphics-13-win.jar;C:\Users\User\.m2\repository\org\openjfx\javafx-base\13\javafx-base-13.jar;C:\Users\User\.m2\repository\org\openjfx\javafx-base\13\javafx-base-13-win.jar;C:\Users\User\.m2\repository\org\apache\httpcomponents\httpclient\4.5.13\httpclient-4.5.13.jar;C:\Users\User\.m2\repository\org\apache\httpcomponents\httpcore\4.4.13\httpcore-4.4.13.jar;C:\Users\User\.m2\repository\commons-logging\commons-logging\1.2\commons-logging-1.2.jar;C:\Users\User\.m2\repository\commons-codec\commons-codec\1.11\commons-codec-1.11.jar;C:\Users\User\.m2\repository\com\fasterxml\jackson\core\jackson-core\2.13.1\jackson-core-2.13.1.jar;C:\Users\User\.m2\repository\com\fasterxml\jackson\core\jackson-annotations\2.13.1\jackson-annotations-2.13.1.jar;"/>
    <property name="sun.cpu.endian" value="little"/>
    <property name="user.home" value="C:\Users\User"/>
    <property name="user.language" value="en"/>
    <property name="java.specification.vendor" value="Oracle Corporation"/>
    <property name="java.version.date" value="2023-10-17"/>
    <property name="java.home" value="C:\Program Files\Eclipse Adoptium\jdk-17.0.9.9-hotspot"/>
    <property name="file.separator" value="\"/>
    <property name="basedir" value="C:\Users\User\eclipse-workspace\CountriesData"/>
    <property name="java.vm.compressedOopsMode" value="Zero based"/>
    <property name="line.separator" value="&#10;"/>
    <property name="java.vm.specification.vendor" value="Oracle Corporation"/>
    <property name="java.specification.name" value="Java Platform API Specification"/>
    <property name="surefire.real.class.path" value="C:\Users\User\AppData\Local\Temp\surefire2812761738380374118\surefirebooter-20240206195100559_3.jar"/>
    <property name="user.script" value=""/>
    <property name="sun.management.compiler" value="HotSpot 64-Bit Tiered Compilers"/>
    <property name="java.runtime.version" value="17.0.9+9"/>
    <property name="user.name" value="User"/>
    <property name="path.separator" value=";"/>
    <property name="os.version" value="10.0"/>
    <property name="java.runtime.name" value="OpenJDK Runtime Environment"/>
    <property name="file.encoding" value="Cp1252"/>
    <property name="java.vm.name" value="OpenJDK 64-Bit Server VM"/>
    <property name="java.vendor.version" value="Temurin-17.0.9+9"/>
    <property name="localRepository" value="C:\Users\User\.m2\repository"/>
    <property name="java.vendor.url.bug" value="https://github.com/adoptium/adoptium-support/issues"/>
    <property name="java.io.tmpdir" value="C:\Users\User\AppData\Local\Temp\"/>
    <property name="java.version" value="17.0.9"/>
    <property name="user.dir" value="C:\Users\User\eclipse-workspace\CountriesData"/>
    <property name="os.arch" value="amd64"/>
    <property name="java.vm.specification.name" value="Java Virtual Machine Specification"/>
    <property name="user.language.format" value="el"/>
    <property name="sun.os.patch.level" value=""/>
    <property name="native.encoding" value="Cp1252"/>
    <property name="java.library.path" value="C:\Program Files\Eclipse Adoptium\jdk-17.0.9.9-hotspot\bin;C:\WINDOWS\Sun\Java\bin;C:\WINDOWS\system32;C:\WINDOWS;C:\Program Files\Eclipse Adoptium\jdk-17.0.9.9-hotspot\bin;C:\WINDOWS\system32;C:\WINDOWS;C:\WINDOWS\System32\Wbem;C:\WINDOWS\System32\WindowsPowerShell\v1.0\;C:\WINDOWS\System32\OpenSSH\;C:\Program Files\Microsoft SQL Server\Client SDK\ODBC\170\Tools\Binn\;C:\Program Files (x86)\Microsoft SQL Server\150\Tools\Binn\;C:\Program Files\Microsoft SQL Server\150\Tools\Binn\;C:\Program Files\Microsoft SQL Server\150\DTS\Binn\;C:\Program Files (x86)\Microsoft SQL Server\160\DTS\Binn\;C:\Program Files\Azure Data Studio\bin;C:\Program Files (x86)\Microsoft SQL Server\160\Tools\Binn\;C:\Program Files\Microsoft SQL Server\160\Tools\Binn\;C:\Program Files\Microsoft SQL Server\160\DTS\Binn\;C:\Program Files\Docker\Docker\resources\bin;C:\Program Files\Git\cmd;C:\Program Files\Maven\apache-maven-3.9.6\bin;C:\Users\User\AppData\Local\Microsoft\WindowsApps;;C:\Program Files\Azure Data Studio\bin;C:\Users\User\AppData\Local\Programs\Microsoft VS Code\bin;."/>
    <property name="java.vm.info" value="mixed mode, sharing"/>
    <property name="java.vendor" value="Eclipse Adoptium"/>
    <property name="java.vm.version" value="17.0.9+9"/>
    <property name="sun.io.unicode.encoding" value="UnicodeLittle"/>
    <property name="java.class.version" value="61.0"/>
  </properties>
  <testcase name="testGetCountriesByCurrency" classname="CountryApiTest" time="1.957">
    <system-out><![CDATA[Countries by Currency (EUR): [CountryInfo{Name = Common: Andorra, Official: Principality of Andorra, Native Name: null'
, Capital='[Andorra la Vella]'
Currencies='{EUR= Name: Euro, Symbol: €}'
, Population='77265'
, Continent='[Europe]'
}, CountryInfo{Name = Common: French Southern and Antarctic Lands, Official: Territory of the French Southern and Antarctic Lands, Native Name: null'
, Capital='[Port-aux-Français]'
Currencies='{EUR= Name: Euro, Symbol: €}'
, Population='400'
, Continent='[Antarctica]'
}, CountryInfo{Name = Common: Luxembourg, Official: Grand Duchy of Luxembourg, Native Name: null'
, Capital='[Luxembourg]'
Currencies='{EUR= Name: Euro, Symbol: €}'
, Population='632275'
, Continent='[Europe]'
}, CountryInfo{Name = Common: Mayotte, Official: Department of Mayotte, Native Name: null'
, Capital='[Mamoudzou]'
Currencies='{EUR= Name: Euro, Symbol: €}'
, Population='226915'
, Continent='[Africa]'
}, CountryInfo{Name = Common: Austria, Official: Republic of Austria, Native Name: null'
, Capital='[Vienna]'
Currencies='{EUR= Name: Euro, Symbol: €}'
, Population='8917205'
, Continent='[Europe]'
}, CountryInfo{Name = Common: Martinique, Official: Martinique, Native Name: null'
, Capital='[Fort-de-France]'
Currencies='{EUR= Name: Euro, Symbol: €}'
, Population='378243'
, Continent='[North America]'
}, CountryInfo{Name = Common: Estonia, Official: Republic of Estonia, Native Name: null'
, Capital='[Tallinn]'
Currencies='{EUR= Name: Euro, Symbol: €}'
, Population='1331057'
, Continent='[Europe]'
}, CountryInfo{Name = Common: Italy, Official: Italian Republic, Native Name: null'
, Capital='[Rome]'
Currencies='{EUR= Name: Euro, Symbol: €}'
, Population='59554023'
, Continent='[Europe]'
}, CountryInfo{Name = Common: Malta, Official: Republic of Malta, Native Name: null'
, Capital='[Valletta]'
Currencies='{EUR= Name: Euro, Symbol: €}'
, Population='525285'
, Continent='[Europe]'
}, CountryInfo{Name = Common: Slovenia, Official: Republic of Slovenia, Native Name: null'
, Capital='[Ljubljana]'
Currencies='{EUR= Name: Euro, Symbol: €}'
, Population='2100126'
, Continent='[Europe]'
}, CountryInfo{Name = Common: Portugal, Official: Portuguese Republic, Native Name: null'
, Capital='[Lisbon]'
Currencies='{EUR= Name: Euro, Symbol: €}'
, Population='10305564'
, Continent='[Europe]'
}, CountryInfo{Name = Common: Kosovo, Official: Republic of Kosovo, Native Name: null'
, Capital='[Pristina]'
Currencies='{EUR= Name: Euro, Symbol: €}'
, Population='1775378'
, Continent='[Europe]'
}, CountryInfo{Name = Common: France, Official: French Republic, Native Name: null'
, Capital='[Paris]'
Currencies='{EUR= Name: Euro, Symbol: €}'
, Population='67391582'
, Continent='[Europe]'
}, CountryInfo{Name = Common: Ireland, Official: Republic of Ireland, Native Name: null'
, Capital='[Dublin]'
Currencies='{EUR= Name: Euro, Symbol: €}'
, Population='4994724'
, Continent='[Europe]'
}, CountryInfo{Name = Common: Finland, Official: Republic of Finland, Native Name: null'
, Capital='[Helsinki]'
Currencies='{EUR= Name: Euro, Symbol: €}'
, Population='5530719'
, Continent='[Europe]'
}, CountryInfo{Name = Common: Belgium, Official: Kingdom of Belgium, Native Name: null'
, Capital='[Brussels]'
Currencies='{EUR= Name: Euro, Symbol: €}'
, Population='11555997'
, Continent='[Europe]'
}, CountryInfo{Name = Common: Guadeloupe, Official: Guadeloupe, Native Name: null'
, Capital='[Basse-Terre]'
Currencies='{EUR= Name: Euro, Symbol: €}'
, Population='400132'
, Continent='[North America]'
}, CountryInfo{Name = Common: Spain, Official: Kingdom of Spain, Native Name: null'
, Capital='[Madrid]'
Currencies='{EUR= Name: Euro, Symbol: €}'
, Population='47351567'
, Continent='[Europe]'
}, CountryInfo{Name = Common: Lithuania, Official: Republic of Lithuania, Native Name: null'
, Capital='[Vilnius]'
Currencies='{EUR= Name: Euro, Symbol: €}'
, Population='2794700'
, Continent='[Europe]'
}, CountryInfo{Name = Common: Netherlands, Official: Kingdom of the Netherlands, Native Name: null'
, Capital='[Amsterdam]'
Currencies='{EUR= Name: Euro, Symbol: €}'
, Population='16655799'
, Continent='[Europe]'
}, CountryInfo{Name = Common: Croatia, Official: Republic of Croatia, Native Name: null'
, Capital='[Zagreb]'
Currencies='{EUR= Name: Euro, Symbol: €}'
, Population='4047200'
, Continent='[Europe]'
}, CountryInfo{Name = Common: Slovakia, Official: Slovak Republic, Native Name: null'
, Capital='[Bratislava]'
Currencies='{EUR= Name: Euro, Symbol: €}'
, Population='5458827'
, Continent='[Europe]'
}, CountryInfo{Name = Common: Åland Islands, Official: Åland Islands, Native Name: null'
, Capital='[Mariehamn]'
Currencies='{EUR= Name: Euro, Symbol: €}'
, Population='29458'
, Continent='[Europe]'
}, CountryInfo{Name = Common: Montenegro, Official: Montenegro, Native Name: null'
, Capital='[Podgorica]'
Currencies='{EUR= Name: Euro, Symbol: €}'
, Population='621718'
, Continent='[Europe]'
}, CountryInfo{Name = Common: French Guiana, Official: Guiana, Native Name: null'
, Capital='[Cayenne]'
Currencies='{EUR= Name: Euro, Symbol: €}'
, Population='254541'
, Continent='[South America]'
}, CountryInfo{Name = Common: Saint Pierre and Miquelon, Official: Saint Pierre and Miquelon, Native Name: null'
, Capital='[Saint-Pierre]'
Currencies='{EUR= Name: Euro, Symbol: €}'
, Population='6069'
, Continent='[North America]'
}, CountryInfo{Name = Common: Germany, Official: Federal Republic of Germany, Native Name: null'
, Capital='[Berlin]'
Currencies='{EUR= Name: Euro, Symbol: €}'
, Population='83240525'
, Continent='[Europe]'
}, CountryInfo{Name = Common: Vatican City, Official: Vatican City State, Native Name: null'
, Capital='[Vatican City]'
Currencies='{EUR= Name: Euro, Symbol: €}'
, Population='451'
, Continent='[Europe]'
}, CountryInfo{Name = Common: Latvia, Official: Republic of Latvia, Native Name: null'
, Capital='[Riga]'
Currencies='{EUR= Name: Euro, Symbol: €}'
, Population='1901548'
, Continent='[Europe]'
}, CountryInfo{Name = Common: San Marino, Official: Republic of San Marino, Native Name: null'
, Capital='[City of San Marino]'
Currencies='{EUR= Name: Euro, Symbol: €}'
, Population='33938'
, Continent='[Europe]'
}, CountryInfo{Name = Common: Réunion, Official: Réunion Island, Native Name: null'
, Capital='[Saint-Denis]'
Currencies='{EUR= Name: Euro, Symbol: €}'
, Population='840974'
, Continent='[Africa]'
}, CountryInfo{Name = Common: Greece, Official: Hellenic Republic, Native Name: Official: Ελληνική Δημοκρατία, Common: Ελλάδα'
, Capital='[Athens]'
Currencies='{EUR= Name: Euro, Symbol: €}'
, Population='10715549'
, Continent='[Europe]'
}, CountryInfo{Name = Common: Saint Martin, Official: Saint Martin, Native Name: null'
, Capital='[Marigot]'
Currencies='{EUR= Name: Euro, Symbol: €}'
, Population='38659'
, Continent='[North America]'
}, CountryInfo{Name = Common: Cyprus, Official: Republic of Cyprus, Native Name: Official: Δημοκρατία της Κύπρος, Common: Κύπρος'
, Capital='[Nicosia]'
Currencies='{EUR= Name: Euro, Symbol: €}'
, Population='1207361'
, Continent='[Europe]'
}, CountryInfo{Name = Common: Saint Barthélemy, Official: Collectivity of Saint Barthélemy, Native Name: null'
, Capital='[Gustavia]'
Currencies='{EUR= Name: Euro, Symbol: €}'
, Population='4255'
, Continent='[North America]'
}, CountryInfo{Name = Common: Monaco, Official: Principality of Monaco, Native Name: null'
, Capital='[Monaco]'
Currencies='{EUR= Name: Euro, Symbol: €}'
, Population='39244'
, Continent='[Europe]'
}]
]]></system-out>
  </testcase>
</testsuite>